<?xml version="1.0" encoding="UTF-8"?>
<testsuite name="caesars.cipher.CaesarCipherTest" tests="2" skipped="0" failures="0" errors="0" timestamp="2022-08-26T01:51:58" hostname="USER-PC" time="0.013">
  <properties/>
  <testcase name="testCipheredMessagewithOffsetof12()" classname="caesars.cipher.CaesarCipherTest" time="0.012"/>
  <testcase name="testEmptyString()" classname="caesars.cipher.CaesarCipherTest" time="0.0"/>
  <system-out><![CDATA[]]></system-out>
  <system-err><![CDATA[]]></system-err>
</testsuite>
